4,0,þmainþ,0,þ2010/janv./08 08:23:39þ,þTranscoder.javaþ,867,þshowInfoþ,þþ,þ0001[Info] %%- Starting NacaTrans Version 1.2.11þ,þ0001[Info] %%- Starting NacaTrans Version 1.2.11þ
 4,0,þmainþ,0,þ2010/janv./08 08:23:39þ,þTranscoder.javaþ,867,þshowInfoþ,þþ,þ0002[Info] %%- Init rules...þ,þ0002[Info] %%- Init rules...þ
 4,0,þmainþ,31,þ2010/janv./08 08:23:39þ,þTranscoder.javaþ,867,þshowInfoþ,þþ,þ0003[Info] %%- Loading DCLGEN converter settings ...þ,þ0003[Info] %%- Loading DCLGEN converter settings ...þ
 4,0,þmainþ,31,þ2010/janv./08 08:23:39þ,þTranscoder.javaþ,867,þshowInfoþ,þþ,þ0004[Info] %%- Init Engines...þ,þ0004[Info] %%- Init Engines...þ
 4,0,þmainþ,47,þ2010/janv./08 08:23:39þ,þTranscoder.javaþ,867,þshowInfoþ,þþ,þ0005[Info] %%- Do CSD Registering...þ,þ0005[Info] %%- Do CSD Registering...þ
 4,0,þmainþ,47,þ2010/janv./08 08:23:39þ,þTranscoder.javaþ,867,þshowInfoþ,þþ,þ0006[Info] %%- Init Global Entities...þ,þ0006[Info] %%- Init Global Entities...þ
 4,0,þmainþ,329,þ2010/janv./08 08:23:39þ,þTranscoder.javaþ,867,þshowInfoþ,þþ,þ0007[Info] %%- Loading paths...þ,þ0007[Info] %%- Loading paths...þ
 4,0,þmainþ,329,þ2010/janv./08 08:23:39þ,þTranscoder.javaþ,867,þshowInfoþ,þþ,þ0008[Info] %%- Init global objects...þ,þ0008[Info] %%- Init global objects...þ
 4,0,þmainþ,329,þ2010/janv./08 08:23:39þ,þTranscoder.javaþ,867,þshowInfoþ,þþ,þ0009[Info] %%- Loading SQLSyntax converter settings ...þ,þ0009[Info] %%- Loading SQLSyntax converter settings ...þ
 4,0,þmainþ,329,þ2010/janv./08 08:23:39þ,þTranscoder.javaþ,867,þshowInfoþ,þþ,þ0010[Info] %%- Do Applications...þ,þ0010[Info] %%- Do Applications...þ
 4,0,þmainþ,329,þ2010/janv./08 08:23:39þ,þTranscoder.javaþ,867,þshowInfoþ,þþ,þ0011[Info] %E:/NacaOSS1.2.1/NacaSamples/cobol/ONLINE1%- Start transcoding top level file from E:/NacaOSS1.2.1/NacaSamples/cobol/ONLINE1 to E:/NacaOSS1.2.1/NacaSamples/src/online/ONLINE1.javaþ,þ0011[Info] %E:/NacaOSS1.2.1/NacaSamples/cobol/ONLINE1%- Start transcoding top level file from E:/NacaOSS1.2.1/NacaSamples/cobol/ONLINE1 to E:/NacaOSS1.2.1/NacaSamples/src/online/ONLINE1.javaþ
 4,0,þmainþ,423,þ2010/janv./08 08:23:39þ,þTranscoder.javaþ,867,þshowInfoþ,þþ,þ0012[Info] %E:/NacaOSS1.2.1/NacaSamples/cobol/ONLINE1%- Transcoding ONLINE1þ,þ0012[Info] %E:/NacaOSS1.2.1/NacaSamples/cobol/ONLINE1%- Transcoding ONLINE1þ
 4,0,þmainþ,814,þ2010/janv./08 08:23:40þ,þTranscoder.javaþ,867,þshowInfoþ,þþ,þ0013[Info] %E:/NacaOSS1.2.1/NacaSamples/cobol/ONLINE1%- Transcoding ONLINM1þ,þ0013[Info] %E:/NacaOSS1.2.1/NacaSamples/cobol/ONLINE1%- Transcoding ONLINM1þ
 4,0,þmainþ,893,þ2010/janv./08 08:23:40þ,þTranscoder.javaþ,867,þshowInfoþ,þþ,þ0014[Info] %E:/NacaOSS1.2.1/NacaSamples/cobol/include/MSGZONE%- Transcoding MSGZONEþ,þ0014[Info] %E:/NacaOSS1.2.1/NacaSamples/cobol/include/MSGZONE%- Transcoding MSGZONEþ
 4,0,þmainþ,986,þ2010/janv./08 08:23:40þ,þTranscoder.javaþ,867,þshowInfoþ,þþ,þ0015[Info] %E:/NacaOSS1.2.1/NacaSamples/cobol/include/VTBMSGA%- Transcoding VTBMSGAþ,þ0015[Info] %E:/NacaOSS1.2.1/NacaSamples/cobol/include/VTBMSGA%- Transcoding VTBMSGAþ
 4,0,þmainþ,1002,þ2010/janv./08 08:23:40þ,þTranscoder.javaþ,867,þshowInfoþ,þþ,þ0016[Info] %E:/NacaOSS1.2.1/NacaSamples/cobol/include/TUAZONE%- Transcoding TUAZONEþ,þ0016[Info] %E:/NacaOSS1.2.1/NacaSamples/cobol/include/TUAZONE%- Transcoding TUAZONEþ
 4,0,þmainþ,1080,þ2010/janv./08 08:23:40þ,þTranscoder.javaþ,867,þshowInfoþ,þþ,þ0017[Info] %E:/NacaOSS1.2.1/NacaSamples/cobol/ONLINE1(24)%- Unused EntityAttribute IND1; it won't be generatedþ,þ0017[Info] %E:/NacaOSS1.2.1/NacaSamples/cobol/ONLINE1(24)%- Unused EntityAttribute IND1; it won't be generatedþ
 4,0,þmainþ,1080,þ2010/janv./08 08:23:40þ,þTranscoder.javaþ,867,þshowInfoþ,þþ,þ0018[Info] %E:/NacaOSS1.2.1/NacaSamples/cobol/ONLINE1(24)%- Unused EntityAttribute IND1; it won't be generatedþ,þ0018[Info] %E:/NacaOSS1.2.1/NacaSamples/cobol/ONLINE1(24)%- Unused EntityAttribute IND1; it won't be generatedþ
 4,0,þmainþ,1080,þ2010/janv./08 08:23:40þ,þTranscoder.javaþ,867,þshowInfoþ,þþ,þ0019[Info] %E:/NacaOSS1.2.1/NacaSamples/cobol/ONLINE1(25)%- Unused EntityAttribute IND-LNG; it won't be generatedþ,þ0019[Info] %E:/NacaOSS1.2.1/NacaSamples/cobol/ONLINE1(25)%- Unused EntityAttribute IND-LNG; it won't be generatedþ
 4,0,þmainþ,1080,þ2010/janv./08 08:23:40þ,þTranscoder.javaþ,867,þshowInfoþ,þþ,þ0020[Info] %E:/NacaOSS1.2.1/NacaSamples/cobol/ONLINE1(25)%- Unused EntityAttribute IND-LNG; it won't be generatedþ,þ0020[Info] %E:/NacaOSS1.2.1/NacaSamples/cobol/ONLINE1(25)%- Unused EntityAttribute IND-LNG; it won't be generatedþ
 4,0,þmainþ,1080,þ2010/janv./08 08:23:40þ,þTranscoder.javaþ,867,þshowInfoþ,þþ,þ0021[Info] %E:/NacaOSS1.2.1/NacaSamples/cobol/ONLINE1(26)%- Unused EntityAttribute LONGCAR; it won't be generatedþ,þ0021[Info] %E:/NacaOSS1.2.1/NacaSamples/cobol/ONLINE1(26)%- Unused EntityAttribute LONGCAR; it won't be generatedþ
 4,0,þmainþ,1080,þ2010/janv./08 08:23:40þ,þTranscoder.javaþ,867,þshowInfoþ,þþ,þ0022[Info] %E:/NacaOSS1.2.1/NacaSamples/cobol/ONLINE1(26)%- Unused EntityAttribute LONGCAR; it won't be generatedþ,þ0022[Info] %E:/NacaOSS1.2.1/NacaSamples/cobol/ONLINE1(26)%- Unused EntityAttribute LONGCAR; it won't be generatedþ
 4,0,þmainþ,1080,þ2010/janv./08 08:23:40þ,þTranscoder.javaþ,867,þshowInfoþ,þþ,þ0023[Info] %E:/NacaOSS1.2.1/NacaSamples/cobol/ONLINE1(27)%- Unused EntityAttribute LONGERR; it won't be generatedþ,þ0023[Info] %E:/NacaOSS1.2.1/NacaSamples/cobol/ONLINE1(27)%- Unused EntityAttribute LONGERR; it won't be generatedþ
 4,0,þmainþ,1080,þ2010/janv./08 08:23:40þ,þTranscoder.javaþ,867,þshowInfoþ,þþ,þ0024[Info] %E:/NacaOSS1.2.1/NacaSamples/cobol/ONLINE1(27)%- Unused EntityAttribute LONGERR; it won't be generatedþ,þ0024[Info] %E:/NacaOSS1.2.1/NacaSamples/cobol/ONLINE1(27)%- Unused EntityAttribute LONGERR; it won't be generatedþ
 4,0,þmainþ,1080,þ2010/janv./08 08:23:40þ,þTranscoder.javaþ,867,þshowInfoþ,þþ,þ0025[Info] %E:/NacaOSS1.2.1/NacaSamples/cobol/ONLINE1(28)%- Unused EntityAttribute LONGPLAUS; it won't be generatedþ,þ0025[Info] %E:/NacaOSS1.2.1/NacaSamples/cobol/ONLINE1(28)%- Unused EntityAttribute LONGPLAUS; it won't be generatedþ
 4,0,þmainþ,1080,þ2010/janv./08 08:23:40þ,þTranscoder.javaþ,867,þshowInfoþ,þþ,þ0026[Info] %E:/NacaOSS1.2.1/NacaSamples/cobol/ONLINE1(28)%- Unused EntityAttribute LONGPLAUS; it won't be generatedþ,þ0026[Info] %E:/NacaOSS1.2.1/NacaSamples/cobol/ONLINE1(28)%- Unused EntityAttribute LONGPLAUS; it won't be generatedþ
 4,0,þmainþ,1080,þ2010/janv./08 08:23:40þ,þTranscoder.javaþ,867,þshowInfoþ,þþ,þ0027[Info] %E:/NacaOSS1.2.1/NacaSamples/cobol/ONLINE1(29)%- Unused EntityAttribute LONGSMAP; it won't be generatedþ,þ0027[Info] %E:/NacaOSS1.2.1/NacaSamples/cobol/ONLINE1(29)%- Unused EntityAttribute LONGSMAP; it won't be generatedþ
 4,0,þmainþ,1080,þ2010/janv./08 08:23:40þ,þTranscoder.javaþ,867,þshowInfoþ,þþ,þ0028[Info] %E:/NacaOSS1.2.1/NacaSamples/cobol/ONLINE1(29)%- Unused EntityAttribute LONGSMAP; it won't be generatedþ,þ0028[Info] %E:/NacaOSS1.2.1/NacaSamples/cobol/ONLINE1(29)%- Unused EntityAttribute LONGSMAP; it won't be generatedþ
 4,0,þmainþ,1080,þ2010/janv./08 08:23:40þ,þTranscoder.javaþ,867,þshowInfoþ,þþ,þ0029[Info] %E:/NacaOSS1.2.1/NacaSamples/cobol/ONLINE1(31)%- Unused EntityAttribute DATANAME; it won't be generatedþ,þ0029[Info] %E:/NacaOSS1.2.1/NacaSamples/cobol/ONLINE1(31)%- Unused EntityAttribute DATANAME; it won't be generatedþ
 4,0,þmainþ,1080,þ2010/janv./08 08:23:40þ,þTranscoder.javaþ,867,þshowInfoþ,þþ,þ0030[Info] %E:/NacaOSS1.2.1/NacaSamples/cobol/ONLINE1(31)%- Unused EntityAttribute DATANAME; it won't be generatedþ,þ0030[Info] %E:/NacaOSS1.2.1/NacaSamples/cobol/ONLINE1(31)%- Unused EntityAttribute DATANAME; it won't be generatedþ
 4,0,þmainþ,1080,þ2010/janv./08 08:23:40þ,þTranscoder.javaþ,867,þshowInfoþ,þþ,þ0031[Info] %E:/NacaOSS1.2.1/NacaSamples/cobol/ONLINE1(32)%- Unused EntityAttribute W-CICS; it won't be generatedþ,þ0031[Info] %E:/NacaOSS1.2.1/NacaSamples/cobol/ONLINE1(32)%- Unused EntityAttribute W-CICS; it won't be generatedþ
 4,0,þmainþ,1080,þ2010/janv./08 08:23:40þ,þTranscoder.javaþ,867,þshowInfoþ,þþ,þ0032[Info] %E:/NacaOSS1.2.1/NacaSamples/cobol/ONLINE1(32)%- Unused EntityAttribute W-CICS; it won't be generatedþ,þ0032[Info] %E:/NacaOSS1.2.1/NacaSamples/cobol/ONLINE1(32)%- Unused EntityAttribute W-CICS; it won't be generatedþ
 4,0,þmainþ,1080,þ2010/janv./08 08:23:40þ,þTranscoder.javaþ,867,þshowInfoþ,þþ,þ0033[Info] %E:/NacaOSS1.2.1/NacaSamples/cobol/ONLINE1(33)%- Unused EntityAttribute HEX80; it won't be generatedþ,þ0033[Info] %E:/NacaOSS1.2.1/NacaSamples/cobol/ONLINE1(33)%- Unused EntityAttribute HEX80; it won't be generatedþ
 4,0,þmainþ,1080,þ2010/janv./08 08:23:40þ,þTranscoder.javaþ,867,þshowInfoþ,þþ,þ0034[Info] %E:/NacaOSS1.2.1/NacaSamples/cobol/ONLINE1(33)%- Unused EntityAttribute HEX80; it won't be generatedþ,þ0034[Info] %E:/NacaOSS1.2.1/NacaSamples/cobol/ONLINE1(33)%- Unused EntityAttribute HEX80; it won't be generatedþ
 4,0,þmainþ,1080,þ2010/janv./08 08:23:40þ,þTranscoder.javaþ,867,þshowInfoþ,þþ,þ0035[Info] %E:/NacaOSS1.2.1/NacaSamples/cobol/ONLINE1(34)%- Unused EntityAttribute ECR-VIERGE; it won't be generatedþ,þ0035[Info] %E:/NacaOSS1.2.1/NacaSamples/cobol/ONLINE1(34)%- Unused EntityAttribute ECR-VIERGE; it won't be generatedþ
 4,0,þmainþ,1080,þ2010/janv./08 08:23:40þ,þTranscoder.javaþ,867,þshowInfoþ,þþ,þ0036[Info] %E:/NacaOSS1.2.1/NacaSamples/cobol/ONLINE1(34)%- Unused EntityAttribute ECR-VIERGE; it won't be generatedþ,þ0036[Info] %E:/NacaOSS1.2.1/NacaSamples/cobol/ONLINE1(34)%- Unused EntityAttribute ECR-VIERGE; it won't be generatedþ
 4,0,þmainþ,1080,þ2010/janv./08 08:23:40þ,þTranscoder.javaþ,867,þshowInfoþ,þþ,þ0037[Info] %E:/NacaOSS1.2.1/NacaSamples/cobol/ONLINE1(38)%- Unused EntityAttribute W-CDCENPI; it won't be generatedþ,þ0037[Info] %E:/NacaOSS1.2.1/NacaSamples/cobol/ONLINE1(38)%- Unused EntityAttribute W-CDCENPI; it won't be generatedþ
 4,0,þmainþ,1080,þ2010/janv./08 08:23:40þ,þTranscoder.javaþ,867,þshowInfoþ,þþ,þ0038[Info] %E:/NacaOSS1.2.1/NacaSamples/cobol/ONLINE1(38)%- Unused EntityAttribute W-CDCENPI; it won't be generatedþ,þ0038[Info] %E:/NacaOSS1.2.1/NacaSamples/cobol/ONLINE1(38)%- Unused EntityAttribute W-CDCENPI; it won't be generatedþ
 4,0,þmainþ,1331,þ2010/janv./08 08:23:40þ,þTranscoder.javaþ,867,þshowInfoþ,þþ,þ0039[Info] %E:/NacaOSS1.2.1/NacaSamples/cobol/BATCH1%- Start transcoding top level file from E:/NacaOSS1.2.1/NacaSamples/cobol/BATCH1 to E:/NacaOSS1.2.1/NacaSamples/src/batch/BATCH1.javaþ,þ0039[Info] %E:/NacaOSS1.2.1/NacaSamples/cobol/BATCH1%- Start transcoding top level file from E:/NacaOSS1.2.1/NacaSamples/cobol/BATCH1 to E:/NacaOSS1.2.1/NacaSamples/src/batch/BATCH1.javaþ
 4,0,þmainþ,1378,þ2010/janv./08 08:23:40þ,þTranscoder.javaþ,867,þshowInfoþ,þþ,þ0040[Info] %E:/NacaOSS1.2.1/NacaSamples/cobol/BATCH1%- Transcoding BATCH1þ,þ0040[Info] %E:/NacaOSS1.2.1/NacaSamples/cobol/BATCH1%- Transcoding BATCH1þ
 4,0,þmainþ,1409,þ2010/janv./08 08:23:40þ,þTranscoder.javaþ,867,þshowInfoþ,þþ,þ0041[Info] %E:/NacaOSS1.2.1/NacaSamples/cobol/include/MSGZONE%- Transcoding MSGZONEþ,þ0041[Info] %E:/NacaOSS1.2.1/NacaSamples/cobol/include/MSGZONE%- Transcoding MSGZONEþ
 4,0,þmainþ,1503,þ2010/janv./08 08:23:40þ,þTranscoder.javaþ,867,þshowInfoþ,þþ,þ0042[Info] %E:/NacaOSS1.2.1/NacaSamples/cobol/CALLMSG%- Start transcoding top level file from E:/NacaOSS1.2.1/NacaSamples/cobol/CALLMSG to E:/NacaOSS1.2.1/NacaSamples/src/commons/CALLMSG.javaþ,þ0042[Info] %E:/NacaOSS1.2.1/NacaSamples/cobol/CALLMSG%- Start transcoding top level file from E:/NacaOSS1.2.1/NacaSamples/cobol/CALLMSG to E:/NacaOSS1.2.1/NacaSamples/src/commons/CALLMSG.javaþ
 4,0,þmainþ,1503,þ2010/janv./08 08:23:40þ,þTranscoder.javaþ,867,þshowInfoþ,þþ,þ0043[Info] %E:/NacaOSS1.2.1/NacaSamples/cobol/CALLMSG%- Transcoding CALLMSGþ,þ0043[Info] %E:/NacaOSS1.2.1/NacaSamples/cobol/CALLMSG%- Transcoding CALLMSGþ
 4,0,þmainþ,1519,þ2010/janv./08 08:23:40þ,þTranscoder.javaþ,867,þshowInfoþ,þþ,þ0044[Info] %E:/NacaOSS1.2.1/NacaSamples/cobol/include/MSGZONE%- Transcoding MSGZONEþ,þ0044[Info] %E:/NacaOSS1.2.1/NacaSamples/cobol/include/MSGZONE%- Transcoding MSGZONEþ
 4,0,þmainþ,1550,þ2010/janv./08 08:23:40þ,þTranscoder.javaþ,867,þshowInfoþ,þþ,þ0045[Info] %%- Exporting Infos...þ,þ0045[Info] %%- Exporting Infos...þ
 4,0,þmainþ,2082,þ2010/janv./08 08:23:41þ,þTranscoder.javaþ,867,þshowInfoþ,þþ,þ0046[Info] %%- Done; Errors=0 Warnings=0þ,þ0046[Info] %%- Done; Errors=0 Warnings=0þ
 